mode: count
example/snippetbox/cmd/web/handlers.go:11.70,13.16 2 0
example/snippetbox/cmd/web/handlers.go:13.16,16.3 2 0
example/snippetbox/cmd/web/handlers.go:18.2,18.64 1 0
example/snippetbox/cmd/web/handlers.go:21.77,23.26 2 5
example/snippetbox/cmd/web/handlers.go:23.26,26.3 2 3
example/snippetbox/cmd/web/handlers.go:28.2,29.31 2 2
example/snippetbox/cmd/web/handlers.go:29.31,32.3 2 1
example/snippetbox/cmd/web/handlers.go:32.8,32.23 1 1
example/snippetbox/cmd/web/handlers.go:32.23,35.3 2 0
example/snippetbox/cmd/web/handlers.go:37.2,37.63 1 1
example/snippetbox/cmd/web/handlers.go:40.83,44.2 1 0
example/snippetbox/cmd/web/handlers.go:46.79,48.16 2 0
example/snippetbox/cmd/web/handlers.go:48.16,51.3 2 0
example/snippetbox/cmd/web/handlers.go:53.2,58.19 5 0
example/snippetbox/cmd/web/handlers.go:58.19,61.3 2 0
example/snippetbox/cmd/web/handlers.go:63.2,64.16 2 0
example/snippetbox/cmd/web/handlers.go:64.16,67.3 2 0
example/snippetbox/cmd/web/handlers.go:69.2,71.74 2 0
example/snippetbox/cmd/web/handlers.go:74.80,78.2 1 1
example/snippetbox/cmd/web/handlers.go:80.76,82.16 2 9
example/snippetbox/cmd/web/handlers.go:82.16,85.3 2 0
example/snippetbox/cmd/web/handlers.go:87.2,92.19 5 9
example/snippetbox/cmd/web/handlers.go:92.19,95.3 2 7
example/snippetbox/cmd/web/handlers.go:97.2,102.37 2 2
example/snippetbox/cmd/web/handlers.go:102.37,106.3 3 1
example/snippetbox/cmd/web/handlers.go:106.8,106.23 1 1
example/snippetbox/cmd/web/handlers.go:106.23,109.3 2 0
example/snippetbox/cmd/web/handlers.go:111.2,112.57 2 1
example/snippetbox/cmd/web/handlers.go:115.79,117.2 1 0
example/snippetbox/cmd/web/handlers.go:119.75,121.16 2 0
example/snippetbox/cmd/web/handlers.go:121.16,124.3 2 0
example/snippetbox/cmd/web/handlers.go:126.2,128.41 3 0
example/snippetbox/cmd/web/handlers.go:128.41,132.3 3 0
example/snippetbox/cmd/web/handlers.go:132.8,132.23 1 0
example/snippetbox/cmd/web/handlers.go:132.23,135.3 2 0
example/snippetbox/cmd/web/handlers.go:137.2,139.61 2 0
example/snippetbox/cmd/web/handlers.go:142.76,146.2 3 0
example/snippetbox/cmd/web/handlers.go:148.51,150.2 1 1
example/snippetbox/cmd/web/helpers.go:14.71,24.2 3 0
example/snippetbox/cmd/web/helpers.go:26.72,32.2 1 4
example/snippetbox/cmd/web/helpers.go:34.57,36.2 1 4
example/snippetbox/cmd/web/helpers.go:38.89,39.15 1 10
example/snippetbox/cmd/web/helpers.go:39.15,41.3 1 0
example/snippetbox/cmd/web/helpers.go:43.2,47.11 5 10
example/snippetbox/cmd/web/helpers.go:50.103,52.9 2 10
example/snippetbox/cmd/web/helpers.go:52.9,55.3 2 0
example/snippetbox/cmd/web/helpers.go:57.2,60.16 3 10
example/snippetbox/cmd/web/helpers.go:60.16,63.3 2 0
example/snippetbox/cmd/web/helpers.go:65.2,65.16 1 10
example/snippetbox/cmd/web/helpers.go:68.73,70.9 2 10
example/snippetbox/cmd/web/helpers.go:70.9,72.3 1 10
example/snippetbox/cmd/web/helpers.go:73.2,73.13 1 0
example/snippetbox/cmd/web/main.go:40.13,50.16 8 0
example/snippetbox/cmd/web/main.go:50.16,52.3 1 0
example/snippetbox/cmd/web/main.go:54.2,59.16 5 0
example/snippetbox/cmd/web/main.go:59.16,61.3 1 0
example/snippetbox/cmd/web/main.go:63.2,89.21 6 0
example/snippetbox/cmd/web/main.go:92.42,94.16 2 0
example/snippetbox/cmd/web/main.go:94.16,96.3 1 0
example/snippetbox/cmd/web/main.go:97.2,97.33 1 0
example/snippetbox/cmd/web/main.go:97.33,99.3 1 0
example/snippetbox/cmd/web/main.go:100.2,100.16 1 0
example/snippetbox/cmd/web/middleware.go:12.52,13.71 1 4
example/snippetbox/cmd/web/middleware.go:13.71,18.3 3 20
example/snippetbox/cmd/web/middleware.go:21.45,31.2 3 27
example/snippetbox/cmd/web/middleware.go:33.68,34.71 1 3
example/snippetbox/cmd/web/middleware.go:34.71,44.3 2 19
example/snippetbox/cmd/web/middleware.go:47.70,48.71 1 3
example/snippetbox/cmd/web/middleware.go:48.71,49.16 1 19
example/snippetbox/cmd/web/middleware.go:49.16,50.36 1 19
example/snippetbox/cmd/web/middleware.go:50.36,53.5 2 0
example/snippetbox/cmd/web/middleware.go:56.3,56.23 1 19
example/snippetbox/cmd/web/middleware.go:60.82,61.71 1 9
example/snippetbox/cmd/web/middleware.go:61.71,62.38 1 0
example/snippetbox/cmd/web/middleware.go:62.38,65.4 2 0
example/snippetbox/cmd/web/middleware.go:67.3,67.23 1 0
example/snippetbox/cmd/web/middleware.go:71.70,72.71 1 27
example/snippetbox/cmd/web/middleware.go:72.71,74.14 2 15
example/snippetbox/cmd/web/middleware.go:74.14,77.4 2 15
example/snippetbox/cmd/web/middleware.go:79.3,80.32 2 0
example/snippetbox/cmd/web/middleware.go:80.32,84.4 3 0
example/snippetbox/cmd/web/middleware.go:84.9,84.24 1 0
example/snippetbox/cmd/web/middleware.go:84.24,87.4 2 0
example/snippetbox/cmd/web/middleware.go:89.3,90.40 2 0
example/snippetbox/cmd/web/routes.go:10.47,64.2 16 3
example/snippetbox/cmd/web/templates.go:21.36,22.16 1 5
example/snippetbox/cmd/web/templates.go:22.16,24.3 1 1
example/snippetbox/cmd/web/templates.go:26.2,26.47 1 4
example/snippetbox/cmd/web/templates.go:33.74,37.16 3 3
example/snippetbox/cmd/web/templates.go:37.16,39.3 1 0
example/snippetbox/cmd/web/templates.go:41.2,41.29 1 3
example/snippetbox/cmd/web/templates.go:41.29,45.17 3 15
example/snippetbox/cmd/web/templates.go:45.17,47.4 1 0
example/snippetbox/cmd/web/templates.go:49.3,50.17 2 15
example/snippetbox/cmd/web/templates.go:50.17,52.4 1 0
example/snippetbox/cmd/web/templates.go:54.3,55.17 2 15
example/snippetbox/cmd/web/templates.go:55.17,57.4 1 0
example/snippetbox/cmd/web/templates.go:59.3,59.19 1 15
example/snippetbox/cmd/web/templates.go:62.2,62.19 1 3
example/snippetbox/pkg/models/mysql/snippets.go:12.76,19.16 3 0
example/snippetbox/pkg/models/mysql/snippets.go:19.16,21.3 1 0
example/snippetbox/pkg/models/mysql/snippets.go:23.2,24.16 2 0
example/snippetbox/pkg/models/mysql/snippets.go:24.16,26.3 1 0
example/snippetbox/pkg/models/mysql/snippets.go:28.2,28.21 1 0
example/snippetbox/pkg/models/mysql/snippets.go:31.61,43.26 5 0
example/snippetbox/pkg/models/mysql/snippets.go:43.26,45.3 1 0
example/snippetbox/pkg/models/mysql/snippets.go:45.8,45.23 1 0
example/snippetbox/pkg/models/mysql/snippets.go:45.23,47.3 1 0
example/snippetbox/pkg/models/mysql/snippets.go:49.2,49.15 1 0
example/snippetbox/pkg/models/mysql/snippets.go:52.60,62.16 3 0
example/snippetbox/pkg/models/mysql/snippets.go:62.16,64.3 1 0
example/snippetbox/pkg/models/mysql/snippets.go:66.2,70.18 3 0
example/snippetbox/pkg/models/mysql/snippets.go:70.18,73.17 3 0
example/snippetbox/pkg/models/mysql/snippets.go:73.17,75.4 1 0
example/snippetbox/pkg/models/mysql/snippets.go:76.3,76.33 1 0
example/snippetbox/pkg/models/mysql/snippets.go:79.2,79.34 1 0
example/snippetbox/pkg/models/mysql/snippets.go:79.34,81.3 1 0
example/snippetbox/pkg/models/mysql/snippets.go:83.2,83.22 1 0
example/snippetbox/pkg/models/mysql/users.go:16.64,18.16 2 0
example/snippetbox/pkg/models/mysql/users.go:18.16,20.3 1 0
example/snippetbox/pkg/models/mysql/users.go:22.2,28.16 3 0
example/snippetbox/pkg/models/mysql/users.go:28.16,29.50 1 0
example/snippetbox/pkg/models/mysql/users.go:29.50,30.87 1 0
example/snippetbox/pkg/models/mysql/users.go:30.87,32.5 1 0
example/snippetbox/pkg/models/mysql/users.go:35.2,35.12 1 0
example/snippetbox/pkg/models/mysql/users.go:38.71,43.26 5 0
example/snippetbox/pkg/models/mysql/users.go:43.26,45.3 1 0
example/snippetbox/pkg/models/mysql/users.go:45.8,45.23 1 0
example/snippetbox/pkg/models/mysql/users.go:45.23,47.3 1 0
example/snippetbox/pkg/models/mysql/users.go:49.2,50.48 2 0
example/snippetbox/pkg/models/mysql/users.go:50.48,52.3 1 0
example/snippetbox/pkg/models/mysql/users.go:52.8,52.23 1 0
example/snippetbox/pkg/models/mysql/users.go:52.23,54.3 1 0
example/snippetbox/pkg/models/mysql/users.go:56.2,56.16 1 0
example/snippetbox/pkg/models/mysql/users.go:59.55,64.26 4 3
example/snippetbox/pkg/models/mysql/users.go:64.26,66.3 1 2
example/snippetbox/pkg/models/mysql/users.go:66.8,66.23 1 1
example/snippetbox/pkg/models/mysql/users.go:66.23,68.3 1 0
example/snippetbox/pkg/models/mysql/users.go:70.2,70.15 1 1
